<?xml version="1.0" encoding="UTF-8"?>
<!-- Generated by org.testng.reporters.JUnitReportReporter -->
<testsuite hostname="DESKTOP-JHUJL83" failures="0" tests="3" name="com.smart.dataprovider.TestDataprovider2" time="0.037" errors="0" timestamp="2023-12-30T11:24:49 EST" skipped="0">
  <testcase classname="com.smart.dataprovider.TestDataprovider2" name="loginTest" time="0.015"/>
  <system-out/>
  <testcase classname="com.smart.dataprovider.TestDataprovider2" name="loginTest" time="0.014"/>
  <system-out/>
  <testcase classname="com.smart.dataprovider.TestDataprovider2" name="loginTest" time="0.008"/>
  <system-out/>
</testsuite> <!-- com.smart.dataprovider.TestDataprovider2 -->
