<?xml version="1.0" encoding="UTF-8"?>
<!-- Generated by org.testng.reporters.JUnitReportReporter -->
<testsuite hostname="DESKTOP-JHUJL83" failures="0" tests="5" name="com.smart.prioritization.PricelineTest" time="0.039" errors="0" timestamp="2023-12-23T14:23:49 EST" skipped="0">
  <testcase classname="com.smart.prioritization.PricelineTest" name="createAccount" time="0.011"/>
  <system-out/>
  <testcase classname="com.smart.prioritization.PricelineTest" name="Login" time="0.003"/>
  <system-out/>
  <testcase classname="com.smart.prioritization.PricelineTest" name="searchFlight" time="0.009"/>
  <system-out/>
  <testcase classname="com.smart.prioritization.PricelineTest" name="checkout" time="0.013"/>
  <system-out/>
  <testcase classname="com.smart.prioritization.PricelineTest" name="logout" time="0.003"/>
  <system-out/>
</testsuite> <!-- com.smart.prioritization.PricelineTest -->
