<?xml version="1.0" encoding="UTF-8"?>
<!-- Generated by org.testng.reporters.JUnitReportReporter -->
<testsuite hostname="DESKTOP-JHUJL83" failures="0" tests="5" name="com.smart.dataprovider.TestDataprovider3" time="0.055" errors="0" timestamp="2023-12-30T11:41:36 EST" skipped="0">
  <testcase classname="com.smart.dataprovider.TestDataprovider3" name="loginTest" time="0.003"/>
  <system-out/>
  <testcase classname="com.smart.dataprovider.TestDataprovider3" name="loginTest" time="0.002"/>
  <system-out/>
  <testcase classname="com.smart.dataprovider.TestDataprovider3" name="loginTest" time="0.011"/>
  <system-out/>
  <testcase classname="com.smart.dataprovider.TestDataprovider3" name="loginTest" time="0.004"/>
  <system-out/>
  <testcase classname="com.smart.dataprovider.TestDataprovider3" name="loginTest" time="0.035"/>
  <system-out/>
</testsuite> <!-- com.smart.dataprovider.TestDataprovider3 -->
