<?xml version="1.0" encoding="UTF-8"?>
<!-- Generated by org.testng.reporters.JUnitReportReporter -->
<testsuite hostname="DESKTOP-JHUJL83" failures="0" tests="8" name="com.smart.parallel.TestClass3" time="0.072" errors="0" timestamp="2023-12-30T15:15:00 EST" skipped="0">
  <testcase classname="com.smart.parallel.TestClass3" name="testMethod11" time="0.002"/>
  <system-out/>
  <testcase classname="com.smart.parallel.TestClass3" name="testMethod9" time="0.006"/>
  <system-out/>
  <testcase classname="com.smart.parallel.TestClass3" name="testMethod9" time="0.005"/>
  <system-out/>
  <testcase classname="com.smart.parallel.TestClass3" name="testMethod10" time="0.018"/>
  <system-out/>
  <testcase classname="com.smart.parallel.TestClass3" name="testMethod8" time="0.002"/>
  <system-out/>
  <testcase classname="com.smart.parallel.TestClass3" name="testMethod11" time="0.016"/>
  <system-out/>
  <testcase classname="com.smart.parallel.TestClass3" name="testMethod10" time="0.002"/>
  <system-out/>
  <testcase classname="com.smart.parallel.TestClass3" name="testMethod8" time="0.021"/>
  <system-out/>
</testsuite> <!-- com.smart.parallel.TestClass3 -->
