<?xml version="1.0" encoding="UTF-8"?>
<!-- Generated by org.testng.reporters.JUnitReportReporter -->
<testsuite hostname="DESKTOP-JHUJL83" failures="0" tests="6" name="com.smart.invocationCount.TestInvocation" time="65.646" errors="0" timestamp="2023-12-30T15:35:01 EST" skipped="0">
  <testcase classname="com.smart.invocationCount.TestInvocation" name="testMethod" time="18.819"/>
  <system-out/>
  <testcase classname="com.smart.invocationCount.TestInvocation" name="testMethod" time="5.206"/>
  <system-out/>
  <testcase classname="com.smart.invocationCount.TestInvocation" name="testMethod" time="4.820"/>
  <system-out/>
  <testcase classname="com.smart.invocationCount.TestInvocation" name="testMethod" time="11.250"/>
  <system-out/>
  <testcase classname="com.smart.invocationCount.TestInvocation" name="testMethod" time="11.775"/>
  <system-out/>
  <testcase classname="com.smart.invocationCount.TestInvocation" name="testMethod" time="13.776"/>
  <system-out/>
</testsuite> <!-- com.smart.invocationCount.TestInvocation -->
