<?xml version="1.0" encoding="UTF-8"?>
<!-- Generated by org.testng.reporters.JUnitReportReporter -->
<testsuite hostname="DESKTOP-JHUJL83" failures="0" tests="2" name="com.qa.testNg.Annotations" time="0.025" errors="0" timestamp="2023-12-17T13:50:42 EST" skipped="0">
  <testcase classname="com.qa.testNg.Annotations" name="testOne" time="0.021"/>
  <system-out/>
  <testcase classname="com.qa.testNg.Annotations" name="testTwo" time="0.004"/>
  <system-out/>
</testsuite> <!-- com.qa.testNg.Annotations -->
