<?xml version="1.0" encoding="UTF-8"?>
<!-- Generated by org.testng.reporters.JUnitReportReporter -->
<testsuite hostname="DESKTOP-JHUJL83" failures="0" tests="1" name="com.qa.testNg.ClassOne" time="14.059" errors="0" timestamp="2023-12-17T12:46:11 EST" skipped="0">
  <testcase classname="com.qa.testNg.ClassOne" name="googleTest" time="14.059"/>
  <system-out/>
</testsuite> <!-- com.qa.testNg.ClassOne -->
