<?xml version="1.0" encoding="UTF-8"?>
<!-- Generated by org.testng.reporters.JUnitReportReporter -->
<testsuite hostname="DESKTOP-JHUJL83" failures="0" tests="4" name="com.smart.parallel.TestClass1" time="0.030" errors="0" timestamp="2023-12-30T15:15:00 EST" skipped="0">
  <testcase classname="com.smart.parallel.TestClass1" name="testMethod3" time="0.007"/>
  <system-out/>
  <testcase classname="com.smart.parallel.TestClass1" name="testMethod1" time="0.017"/>
  <system-out/>
  <testcase classname="com.smart.parallel.TestClass1" name="testMethod4" time="0.003"/>
  <system-out/>
  <testcase classname="com.smart.parallel.TestClass1" name="testMethod2" time="0.003"/>
  <system-out/>
</testsuite> <!-- com.smart.parallel.TestClass1 -->
