<?xml version="1.0" encoding="UTF-8"?>
<!-- Generated by org.testng.reporters.JUnitReportReporter -->
<testsuite hostname="DESKTOP-JHUJL83" failures="0" tests="6" name="com.smart.parallel.TestClass2" time="0.040" errors="0" timestamp="2023-12-30T15:15:00 EST" skipped="0">
  <testcase classname="com.smart.parallel.TestClass2" name="testMethod6" time="0.003"/>
  <system-out/>
  <testcase classname="com.smart.parallel.TestClass2" name="testMethod7" time="0.007"/>
  <system-out/>
  <testcase classname="com.smart.parallel.TestClass2" name="testMethod7" time="0.002"/>
  <system-out/>
  <testcase classname="com.smart.parallel.TestClass2" name="testMethod5" time="0.018"/>
  <system-out/>
  <testcase classname="com.smart.parallel.TestClass2" name="testMethod5" time="0.003"/>
  <system-out/>
  <testcase classname="com.smart.parallel.TestClass2" name="testMethod6" time="0.007"/>
  <system-out/>
</testsuite> <!-- com.smart.parallel.TestClass2 -->
